<?xml version="1.0" encoding="UTF-8"?>
<testsuite xmlns:xsi="http://www.w3.org/2001/XMLSchema-instance" xsi:noNamespaceSchemaLocation="https://maven.apache.org/surefire/maven-surefire-plugin/xsd/surefire-test-report.xsd" version="3.0.2" name="TestRunner.Run" time="43.902" tests="1" errors="0" skipped="0" failures="0">
  <properties>
[...]
</properties>
  <testcase name="Successful Login With Valid Credentials #1" classname="Login" time="43.508">
    <system-out><![CDATA[
@sanity
Scenario: Successful Login With Valid Credentials                  # Features/Loginstore.feature:3
  Given User Launch Chrome Broswer                                 # Stepdefinition.StepDef.user_launch_chrome_broswer()
  When user Opens URL "https://admin-demo.nopcommerce.com/login"   # Stepdefinition.StepDef.user_opens_url(java.lang.String)
  And User enters Email "admin@yourstore.com" and Password "admin" # Stepdefinition.StepDef.user_enters_email_admin_yourstore_com_and_password_admin(java.lang.String,java.lang.String)
  And Click on Login button                                        # Stepdefinition.StepDef.click_on_login_button()
  Then Page title should be "Just a moment..."                     # Stepdefinition.StepDef.page_title_should_be(java.lang.String)
  And Close Browser                                                # Stepdefinition.StepDef.close_browser()
Closing the window with hooks method
]]></system-out>
    <system-err><![CDATA[SLF4J(W): No SLF4J providers were found.
SLF4J(W): Defaulting to no-operation (NOP) logger implementation
SLF4J(W): See https://www.slf4j.org/codes.html#noProviders for further details.
SLF4J(W): Class path contains SLF4J bindings targeting slf4j-api versions 1.7.x or earlier.
SLF4J(W): Ignoring binding found at [jar:file:/C:/Windows/system32/config/systemprofile/.m2/repository/org/slf4j/slf4j-nop/1.7.32/slf4j-nop-1.7.32.jar!/org/slf4j/impl/StaticLoggerBinder.class]
SLF4J(W): See https://www.slf4j.org/codes.html#ignoredBindings for an explanation.
Jan 27, 2025 1:37:45 PM org.openqa.selenium.devtools.CdpVersionFinder findNearestMatch
WARNING: Unable to find an exact match for CDP version 132, returning the closest version; found: 131; Please update to a Selenium version that supports CDP version 132
]]></system-err>
  </testcase>
</testsuite>